#
# There is insufficient memory for the Java Runtime Environment to continue.
# Native memory allocation (malloc) failed to allocate 48400 bytes for Chunk::new
# Possible reasons:
#   The system is out of physical RAM or swap space
#   In 32 bit mode, the process size limit was hit
# Possible solutions:
#   Reduce memory load on the system
#   Increase physical memory or swap space
#   Check if swap backing store is full
#   Use 64 bit Java on a 64 bit OS
#   Decrease Java heap size (-Xmx/-Xms)
#   Decrease number of Java threads
#   Decrease Java thread stack sizes (-Xss)
#   Set larger code cache with -XX:ReservedCodeCacheSize=
# This output file may be truncated or incomplete.
#
#  Out of Memory Error (allocation.cpp:390), pid=10732, tid=0x0000000000004c38
#
# JRE version: Java(TM) SE Runtime Environment (8.0_181-b13) (build 1.8.0_181-b13)
# Java VM: Java HotSpot(TM) 64-Bit Server VM (25.181-b13 mixed mode windows-amd64 compressed oops)
# Failed to write core dump. Minidumps are not enabled by default on client versions of Windows
#

---------------  T H R E A D  ---------------

Current thread (0x0000000019a3f800):  JavaThread "C2 CompilerThread1" daemon [_thread_in_native, id=19512, stack(0x000000001a300000,0x000000001a400000)]

Stack: [0x000000001a300000,0x000000001a400000]
[error occurred during error reporting (printing stack bounds), id 0xc0000005]

Native frames: (J=compiled Java code, j=interpreted, Vv=VM code, C=native code)


Current CompileTask:
C2:    886  460  s    4       sun.misc.URLClassPath::getNextLoader (88 bytes)


---------------  P R O C E S S  ---------------

Java Threads: ( => current thread )
  0x0000000019a8a000 JavaThread "Service Thread" daemon [_thread_blocked, id=16680, stack(0x000000001a600000,0x000000001a700000)]
  0x0000000019a50800 JavaThread "C1 CompilerThread3" daemon [_thread_blocked, id=14508, stack(0x000000001a500000,0x000000001a600000)]
  0x0000000019a40800 JavaThread "C2 CompilerThread2" daemon [_thread_in_native, id=17872, stack(0x000000001a400000,0x000000001a500000)]
=>0x0000000019a3f800 JavaThread "C2 CompilerThread1" daemon [_thread_in_native, id=19512, stack(0x000000001a300000,0x000000001a400000)]
  0x0000000019a38800 JavaThread "C2 CompilerThread0" daemon [_thread_in_native, id=10156, stack(0x000000001a200000,0x000000001a300000)]
  0x0000000019a36000 JavaThread "Attach Listener" daemon [_thread_blocked, id=17508, stack(0x000000001a100000,0x000000001a200000)]
  0x0000000019a34800 JavaThread "Signal Dispatcher" daemon [_thread_blocked, id=15052, stack(0x000000001a000000,0x000000001a100000)]
  0x0000000019a20800 JavaThread "Finalizer" daemon [_thread_blocked, id=1332, stack(0x0000000019e00000,0x0000000019f00000)]
  0x0000000002b9b000 JavaThread "Reference Handler" daemon [_thread_blocked, id=20352, stack(0x0000000019900000,0x0000000019a00000)]
  0x0000000002aa4000 JavaThread "main" [_thread_in_native, id=17428, stack(0x0000000002900000,0x0000000002a00000)]

Other Threads:
  0x0000000017b1a000 VMThread [stack: 0x0000000019800000,0x0000000019900000] [id=6444]
  0x0000000019a8f800 WatcherThread [stack: 0x000000001a700000,0x000000001a800000] [id=16560]

VM state:not at safepoint (normal execution)

VM Mutex/Monitor currently owned by a thread: None

Heap:
 PSYoungGen      total 38400K, used 9318K [0x00000000d5f00000, 0x00000000d8980000, 0x0000000100000000)
  eden space 33280K, 28% used [0x00000000d5f00000,0x00000000d6819a68,0x00000000d7f80000)
  from space 5120K, 0% used [0x00000000d8480000,0x00000000d8480000,0x00000000d8980000)
  to   space 5120K, 0% used [0x00000000d7f80000,0x00000000d7f80000,0x00000000d8480000)
 ParOldGen       total 87552K, used 0K [0x0000000081c00000, 0x0000000087180000, 0x00000000d5f00000)
  object space 87552K, 0% used [0x0000000081c00000,0x0000000081c00000,0x0000000087180000)
 Metaspace       used 6334K, capacity 6524K, committed 6784K, reserved 1056768K
  class space    used 764K, capacity 837K, committed 896K, reserved 1048576K

Card table byte_map: [0x0000000011f60000,0x0000000012360000] byte_map_base: 0x0000000011b52000

Marking Bits: (ParMarkBitMap*) 0x000000006bed2d00
 Begin Bits: [0x0000000012e10000, 0x0000000014da0000)
 End Bits:   [0x0000000014da0000, 0x0000000016d30000)

Polling page: 0x00000000028d0000

CodeCache: size=245760Kb used=2034Kb max_used=2034Kb free=243725Kb
 bounds [0x0000000002ba0000, 0x0000000002e10000, 0x0000000011ba0000]
 total_blobs=767 nmethods=463 adapters=217
 compilation: enabled

Compilation events (10 events):
Event: 0.856 Thread 0x0000000019a50800  461       3       java.util.ArrayDeque::poll (5 bytes)
Event: 0.857 Thread 0x0000000019a50800 nmethod 461 0x0000000002d9ad50 code [0x0000000002d9aec0, 0x0000000002d9b068]
Event: 0.857 Thread 0x0000000019a50800  462       3       java.util.ArrayDeque::pollFirst (42 bytes)
Event: 0.857 Thread 0x0000000019a50800 nmethod 462 0x0000000002d9b110 code [0x0000000002d9b280, 0x0000000002d9b5b0]
Event: 0.857 Thread 0x0000000019a50800  463   !   3       java.util.zip.ZipFile$ZipFileInflaterInputStream::close (67 bytes)
Event: 0.859 Thread 0x0000000019a50800 nmethod 463 0x0000000002d9b710 code [0x0000000002d9b8e0, 0x0000000002d9c0d8]
Event: 0.859 Thread 0x0000000019a50800  464       3       java.util.zip.InflaterInputStream::close (34 bytes)
Event: 0.859 Thread 0x0000000019a50800 nmethod 464 0x0000000002d9c490 code [0x0000000002d9c600, 0x0000000002d9c8f8]
Event: 0.859 Thread 0x0000000019a50800  465       3       java.util.zip.ZipEntry::<init> (43 bytes)
Event: 0.860 Thread 0x0000000019a50800 nmethod 465 0x0000000002d9ca10 code [0x0000000002d9cb60, 0x0000000002d9cd70]

GC Heap History (0 events):
No events

Deoptimization events (0 events):
No events

Classes redefined (0 events):
No events

Internal exceptions (10 events):
Event: 0.610 Thread 0x0000000002aa4000 Exception <a 'java/security/PrivilegedActionException'> (0x00000000d63c9f30) thrown at [C:\re\workspace\8-2-build-windows-amd64-cygwin\jdk8u181\11358\hotspot\src\share\vm\prims\jvm.cpp, line 1435]
Event: 0.610 Thread 0x0000000002aa4000 Exception <a 'java/security/PrivilegedActionException'> (0x00000000d63cae38) thrown at [C:\re\workspace\8-2-build-windows-amd64-cygwin\jdk8u181\11358\hotspot\src\share\vm\prims\jvm.cpp, line 1435]
Event: 0.610 Thread 0x0000000002aa4000 Exception <a 'java/security/PrivilegedActionException'> (0x00000000d63cb048) thrown at [C:\re\workspace\8-2-build-windows-amd64-cygwin\jdk8u181\11358\hotspot\src\share\vm\prims\jvm.cpp, line 1435]
Event: 0.610 Thread 0x0000000002aa4000 Exception <a 'java/security/PrivilegedActionException'> (0x00000000d63cbfe8) thrown at [C:\re\workspace\8-2-build-windows-amd64-cygwin\jdk8u181\11358\hotspot\src\share\vm\prims\jvm.cpp, line 1435]
Event: 0.610 Thread 0x0000000002aa4000 Exception <a 'java/security/PrivilegedActionException'> (0x00000000d63cc1f8) thrown at [C:\re\workspace\8-2-build-windows-amd64-cygwin\jdk8u181\11358\hotspot\src\share\vm\prims\jvm.cpp, line 1435]
Event: 0.611 Thread 0x0000000002aa4000 Exception <a 'java/security/PrivilegedActionException'> (0x00000000d63cd800) thrown at [C:\re\workspace\8-2-build-windows-amd64-cygwin\jdk8u181\11358\hotspot\src\share\vm\prims\jvm.cpp, line 1435]
Event: 0.611 Thread 0x0000000002aa4000 Exception <a 'java/security/PrivilegedActionException'> (0x00000000d63cda10) thrown at [C:\re\workspace\8-2-build-windows-amd64-cygwin\jdk8u181\11358\hotspot\src\share\vm\prims\jvm.cpp, line 1435]
Event: 0.611 Thread 0x0000000002aa4000 Exception <a 'java/security/PrivilegedActionException'> (0x00000000d63ceb98) thrown at [C:\re\workspace\8-2-build-windows-amd64-cygwin\jdk8u181\11358\hotspot\src\share\vm\prims\jvm.cpp, line 1435]
Event: 0.611 Thread 0x0000000002aa4000 Exception <a 'java/security/PrivilegedActionException'> (0x00000000d63ceda8) thrown at [C:\re\workspace\8-2-build-windows-amd64-cygwin\jdk8u181\11358\hotspot\src\share\vm\prims\jvm.cpp, line 1435]
Event: 0.671 Thread 0x0000000002aa4000 Exception <a 'sun/nio/fs/WindowsException'> (0x00000000d6497708) thrown at [C:\re\workspace\8-2-build-windows-amd64-cygwin\jdk8u181\11358\hotspot\src\share\vm\prims\jni.cpp, line 709]

Events (10 events):
Event: 0.875 loading class com/google/common/collect/ImmutableSortedSetFauxverideShim
Event: 0.875 loading class com/google/common/collect/ImmutableSortedSetFauxverideShim done
Event: 0.877 loading class java/util/Spliterator
Event: 0.878 loading class java/util/Spliterator done
Event: 0.878 loading class com/google/common/collect/RegularImmutableSortedSet
Event: 0.878 loading class com/google/common/collect/RegularImmutableSortedSet done
Event: 0.882 loading class java/util/NoSuchElementException
Event: 0.883 loading class java/util/NoSuchElementException done
Event: 0.883 loading class com/google/common/collect/ImmutableSortedAsList
Event: 0.883 loading class com/google/common/collect/ImmutableSortedAsList done


Dynamic libraries:
0x00007ff6646d0000 - 0x00007ff664707000 	C:\Program Files\Java\jdk1.8.0_181\bin\java.exe
0x00007ffe036d0000 - 0x00007ffe038b1000 	C:\Windows\SYSTEM32\ntdll.dll
0x00007ffe00f00000 - 0x00007ffe00fb1000 	C:\Windows\System32\KERNEL32.DLL
0x00007ffe007a0000 - 0x00007ffe00a13000 	C:\Windows\System32\KERNELBASE.dll
0x00007ffe00e50000 - 0x00007ffe00ef1000 	C:\Windows\System32\ADVAPI32.dll
0x00007ffe031b0000 - 0x00007ffe0324e000 	C:\Windows\System32\msvcrt.dll
0x00007ffe00c80000 - 0x00007ffe00cdb000 	C:\Windows\System32\sechost.dll
0x00007ffe03080000 - 0x00007ffe031a4000 	C:\Windows\System32\RPCRT4.dll
0x00007ffe01490000 - 0x00007ffe01620000 	C:\Windows\System32\USER32.dll
0x00007ffdfff70000 - 0x00007ffdfff90000 	C:\Windows\System32\win32u.dll
0x00007ffe01130000 - 0x00007ffe01158000 	C:\Windows\System32\GDI32.dll
0x00007ffdffa90000 - 0x00007ffdffc21000 	C:\Windows\System32\gdi32full.dll
0x00007ffdffc30000 - 0x00007ffdffccf000 	C:\Windows\System32\msvcp_win.dll
0x00007ffdfff90000 - 0x00007ffe00088000 	C:\Windows\System32\ucrtbase.dll
0x00007ffdf4d40000 - 0x00007ffdf4fa9000 	C:\Windows\WinSxS\amd64_microsoft.windows.common-controls_6595b64144ccf1df_6.0.17134.1246_none_d3ffb9d77c90723d\COMCTL32.dll
0x00007ffe01160000 - 0x00007ffe01481000 	C:\Windows\System32\combase.dll
0x00007ffe00a20000 - 0x00007ffe00a99000 	C:\Windows\System32\bcryptPrimitives.dll
0x00007ffe01620000 - 0x00007ffe0164d000 	C:\Windows\System32\IMM32.DLL
0x000000006bf60000 - 0x000000006c032000 	C:\Program Files\Java\jdk1.8.0_181\jre\bin\msvcr100.dll
0x000000006b6b0000 - 0x000000006bf52000 	C:\Program Files\Java\jdk1.8.0_181\jre\bin\server\jvm.dll
0x00007ffe00fc0000 - 0x00007ffe00fc8000 	C:\Windows\System32\PSAPI.DLL
0x00007ffde1560000 - 0x00007ffde1569000 	C:\Windows\SYSTEM32\WSOCK32.dll
0x00007ffdf51d0000 - 0x00007ffdf51f3000 	C:\Windows\SYSTEM32\WINMM.dll
0x00007ffdfa930000 - 0x00007ffdfa93a000 	C:\Windows\SYSTEM32\VERSION.dll
0x00007ffe01650000 - 0x00007ffe016bc000 	C:\Windows\System32\WS2_32.dll
0x00007ffdf4fc0000 - 0x00007ffdf4fea000 	C:\Windows\SYSTEM32\winmmbase.dll
0x00007ffdfff20000 - 0x00007ffdfff69000 	C:\Windows\System32\cfgmgr32.dll
0x000000006cd70000 - 0x000000006cd7f000 	C:\Program Files\Java\jdk1.8.0_181\jre\bin\verify.dll
0x000000006cd40000 - 0x000000006cd69000 	C:\Program Files\Java\jdk1.8.0_181\jre\bin\java.dll
0x000000006cd20000 - 0x000000006cd36000 	C:\Program Files\Java\jdk1.8.0_181\jre\bin\zip.dll
0x00007ffe01840000 - 0x00007ffe02c85000 	C:\Windows\System32\SHELL32.dll
0x00007ffe02c90000 - 0x00007ffe02d39000 	C:\Windows\System32\shcore.dll
0x00007ffe00090000 - 0x00007ffe007a0000 	C:\Windows\System32\windows.storage.dll
0x00007ffe00c20000 - 0x00007ffe00c71000 	C:\Windows\System32\shlwapi.dll
0x00007ffdffa70000 - 0x00007ffdffa81000 	C:\Windows\System32\kernel.appcore.dll
0x00007ffdffa50000 - 0x00007ffdffa6f000 	C:\Windows\System32\profapi.dll
0x00007ffdffa00000 - 0x00007ffdffa4c000 	C:\Windows\System32\powrprof.dll
0x00007ffdff9f0000 - 0x00007ffdff9fa000 	C:\Windows\System32\FLTLIB.DLL
0x000000006cd00000 - 0x000000006cd1a000 	C:\Program Files\Java\jdk1.8.0_181\jre\bin\net.dll
0x00007ffdfedf0000 - 0x00007ffdfee56000 	C:\Windows\system32\mswsock.dll
0x000000006b690000 - 0x000000006b6a1000 	C:\Program Files\Java\jdk1.8.0_181\jre\bin\nio.dll

VM Arguments:
jvm_args: -Dfile.encoding=UTF-8 -Dcom.android.sdklib.toolsdir=C:\Users\User\AppData\Local\Android\Sdk\tools\bin\\.. 
java_command: com.android.sdklib.tool.sdkmanager.SdkManagerCli --list
java_class_path (initial): C:\Users\User\AppData\Local\Android\Sdk\tools\bin\..\lib\dvlib-26.0.0-dev.jar;C:\Users\User\AppData\Local\Android\Sdk\tools\bin\..\lib\jimfs-1.1.jar;C:\Users\User\AppData\Local\Android\Sdk\tools\bin\..\lib\jsr305-1.3.9.jar;C:\Users\User\AppData\Local\Android\Sdk\tools\bin\..\lib\repository-26.0.0-dev.jar;C:\Users\User\AppData\Local\Android\Sdk\tools\bin\..\lib\j2objc-annotations-1.1.jar;C:\Users\User\AppData\Local\Android\Sdk\tools\bin\..\lib\layoutlib-api-26.0.0-dev.jar;C:\Users\User\AppData\Local\Android\Sdk\tools\bin\..\lib\gson-2.3.jar;C:\Users\User\AppData\Local\Android\Sdk\tools\bin\..\lib\httpcore-4.2.5.jar;C:\Users\User\AppData\Local\Android\Sdk\tools\bin\..\lib\commons-logging-1.1.1.jar;C:\Users\User\AppData\Local\Android\Sdk\tools\bin\..\lib\commons-compress-1.12.jar;C:\Users\User\AppData\Local\Android\Sdk\tools\bin\..\lib\annotations-26.0.0-dev.jar;C:\Users\User\AppData\Local\Android\Sdk\tools\bin\..\lib\error_prone_annotations-2.0.18.jar;C:\Users\User\AppData\Local\Android\Sdk\tools\bin\..\lib\animal-sniffer-annotations-1.14.jar;C:\Users\User\AppData\Local\Android\Sdk\tools\bin\..\lib\httpclient-4.2.6.jar;C:\Users\User\AppData\Local\Android\Sdk\tools\bin\..\lib\commons-codec-1.6.jar;C:\Users\User\AppData\Local\Android\Sdk\tools\bin\..\lib\common-26.0.0-dev.jar;C:\Users\User\AppData\Local\Android\Sdk\tools\bin\..\lib\kxml2-2.3.0.jar;C:\Users\User\AppData\Local\Android\Sdk\tools\bin\..\lib\httpmime-4.1.jar;C:\Users\User\AppData\Local\Android\Sdk\tools\bin\..\lib\annotations-12.0.jar;C:\Users\User\AppData\Local\Android\Sdk\tools\bin\..\lib\sdklib-26.0.0-dev.jar;C:\Users\User\AppData\Local\Android\Sdk\tools\bin\..\lib\guava-22.0.jar
Launcher Type: SUN_STANDARD

Environment Variables:
JAVA_HOME=C:\Program Files\Java\jdk1.8.0_181
JAVA_TOOL_OPTIONS=-Dfile.encoding=UTF-8
CLASSPATH=C:\Users\User\AppData\Local\Android\Sdk\tools\bin\..\lib\dvlib-26.0.0-dev.jar;C:\Users\User\AppData\Local\Android\Sdk\tools\bin\..\lib\jimfs-1.1.jar;C:\Users\User\AppData\Local\Android\Sdk\tools\bin\..\lib\jsr305-1.3.9.jar;C:\Users\User\AppData\Local\Android\Sdk\tools\bin\..\lib\repository-26.0.0-dev.jar;C:\Users\User\AppData\Local\Android\Sdk\tools\bin\..\lib\j2objc-annotations-1.1.jar;C:\Users\User\AppData\Local\Android\Sdk\tools\bin\..\lib\layoutlib-api-26.0.0-dev.jar;C:\Users\User\AppData\Local\Android\Sdk\tools\bin\..\lib\gson-2.3.jar;C:\Users\User\AppData\Local\Android\Sdk\tools\bin\..\lib\httpcore-4.2.5.jar;C:\Users\User\AppData\Local\Android\Sdk\tools\bin\..\lib\commons-logging-1.1.1.jar;C:\Users\User\AppData\Local\Android\Sdk\tools\bin\..\lib\commons-compress-1.12.jar;C:\Users\User\AppData\Local\Android\Sdk\tools\bin\..\lib\annotations-26.0.0-dev.jar;C:\Users\User\AppData\Local\Android\Sdk\tools\bin\..\lib\error_prone_annotations-2.0.18.jar;C:\Users\User\AppData\Local\Android\Sdk\tools\bin\..\lib\animal-sniffer-annotations-1.14.jar;C:\Users\User\AppData\Local\Android\Sdk\tools\bin\..\lib\httpclient-4.2.6.jar;C:\Users\User\AppData\Local\Android\Sdk\tools\bin\..\lib\commons-codec-1.6.jar;C:\Users\User\AppData\Local\Android\Sdk\tools\bin\..\lib\common-26.0.0-dev.jar;C:\Users\User\AppData\Local\Android\Sdk\tools\bin\..\lib\kxml2-2.3.0.jar;C:\Users\User\AppData\Local\Android\Sdk\tools\bin\..\lib\httpmime-4.1.jar;C:\Users\User\AppData\Local\Android\Sdk\tools\bin\..\lib\annotations-12.0.jar;C:\Users\User\AppData\Local\Android\Sdk\tools\bin\..\lib\sdklib-26.0.0-dev.jar;C:\Users\User\AppData\Local\Android\Sdk\tools\bin\..\lib\guava-22.0.jar
PATH=C:\Program Files (x86)\Common Files\Oracle\Java\javapath;C:\ProgramData\Oracle\Java\javapath;C:\Windows\system32;C:\Windows;C:\Windows\System32\Wbem;C:\Windows\System32\WindowsPowerShell\v1.0\;C:\Windows\System32\OpenSSH\;C:\Program Files\dotnet\;C:\Program Files\Microsoft SQL Server\130\Tools\Binn\;C:\Program Files\Common Files\Autodesk Shared\;C:\Program Files (x86)\Autodesk\Backburner\;C:\Python32;C:\Python32\Lib\site-packages\;C:\Python32\Scripts\;;C:\Program Files (x86)\NVIDIA Corporation\PhysX\Common;C:\Program Files\NVIDIA Corporation\NVIDIA NvDLISR;C:\Users\User\AppData\Local\Microsoft\WindowsApps;C:\Users\User\.dotnet\tools;C:\Users\User\AppData\Local\Programs\Microsoft VS Code\bin
USERNAME=User
OS=Windows_NT
PROCESSOR_IDENTIFIER=Intel64 Family 6 Model 142 Stepping 10, GenuineIntel



---------------  S Y S T E M  ---------------

OS: Windows 10.0 , 64 bit Build 17134 (10.0.17134.753)

CPU:total 8 (initial active 8) (4 cores per cpu, 2 threads per core) family 6 model 142 stepping 10, cmov, cx8, fxsr, mmx, sse, sse2, sse3, ssse3, sse4.1, sse4.2, popcnt, avx, avx2, aes, clmul, erms, 3dnowpref, lzcnt, ht, tsc, tscinvbit, bmi1, bmi2, adx

Memory: 4k page, physical 8269924k(971876k free), swap 14413924k(2792k free)

vm_info: Java HotSpot(TM) 64-Bit Server VM (25.181-b13) for windows-amd64 JRE (1.8.0_181-b13), built on Jul  7 2018 04:01:33 by "java_re" with MS VC++ 10.0 (VS2010)

time: Tue Dec 29 21:00:19 2020
elapsed time: 0 seconds (0d 0h 0m 0s)

